0 verbose cli /usr/local/bin/node /usr/local/lib/node_modules/npm/bin/npm-cli.js
1 info using npm@10.9.3
2 info using node@v22.19.0
3 silly config load:file:/usr/local/lib/node_modules/npm/npmrc
4 silly config load:file:/Users/rahulnehra/.npmrc
5 silly config load:file:/usr/local/etc/npmrc
6 verbose title npm exec create-expo-app@latest TestSeriesPro --template blank-typescript --yes
7 verbose argv "exec" "--yes" "--" "create-expo-app@latest" "TestSeriesPro" "--template" "blank-typescript" "--yes"
8 verbose logfile logs-max:10 dir:/Users/rahulnehra/antigravity/mobile test app new/.npm_cache/_logs/2026-02-06T13_53_10_191Z-
9 verbose logfile /Users/rahulnehra/antigravity/mobile test app new/.npm_cache/_logs/2026-02-06T13_53_10_191Z-debug-0.log
10 silly logfile done cleaning log files
11 silly packumentCache heap:4345298944 maxSize:1086324736 maxEntrySize:543162368
12 http fetch GET 200 https://registry.npmjs.org/create-expo-app 273ms (cache revalidated)
13 silly packumentCache heap:4345298944 maxSize:1086324736 maxEntrySize:543162368
14 silly packumentCache heap:4345298944 maxSize:1086324736 maxEntrySize:543162368
15 verbose cwd /Users/rahulnehra/antigravity/mobile test app new
16 verbose os Darwin 24.6.0
17 verbose node v22.19.0
18 verbose npm  v10.9.3
19 verbose exit 1
20 verbose code 1
