0 verbose cli /usr/local/bin/node /usr/local/lib/node_modules/npm/bin/npm-cli.js
1 info using npm@10.9.3
2 info using node@v22.19.0
3 silly config load:file:/usr/local/lib/node_modules/npm/npmrc
4 silly config load:file:/Users/rahulnehra/.npmrc
5 silly config load:file:/usr/local/etc/npmrc
6 verbose title npm exec create-expo-app@latest ./ --template blank-typescript --yes
7 verbose argv "exec" "--yes" "--" "create-expo-app@latest" "./" "--template" "blank-typescript" "--yes"
8 verbose logfile logs-max:10 dir:/Users/rahulnehra/antigravity/mobile test app new/.npm_cache/_logs/2026-02-06T13_52_41_109Z-
9 verbose logfile /Users/rahulnehra/antigravity/mobile test app new/.npm_cache/_logs/2026-02-06T13_52_41_109Z-debug-0.log
10 silly logfile done cleaning log files
11 silly packumentCache heap:4345298944 maxSize:1086324736 maxEntrySize:543162368
12 http fetch GET 200 https://registry.npmjs.org/npm 713ms
13 http fetch GET 200 https://registry.npmjs.org/create-expo-app 892ms (cache miss)
14 silly packumentCache heap:4345298944 maxSize:1086324736 maxEntrySize:543162368
15 silly packumentCache heap:4345298944 maxSize:1086324736 maxEntrySize:543162368
16 silly idealTree buildDeps
17 silly fetch manifest create-expo-app@3.5.3
18 silly packumentCache full:https://registry.npmjs.org/create-expo-app cache-miss
19 http fetch GET 200 https://registry.npmjs.org/create-expo-app 81ms (cache miss)
20 silly packumentCache full:https://registry.npmjs.org/create-expo-app set size:undefined disposed:false
21 silly placeDep ROOT create-expo-app@3.5.3 OK for:  want: 3.5.3
22 silly reify moves {}
23 silly audit bulk request { 'create-expo-app': [ '3.5.3' ] }
24 http cache create-expo-app@https://registry.npmjs.org/create-expo-app/-/create-expo-app-3.5.3.tgz 0ms (cache hit)
25 silly tarball no local data for create-expo-app@https://registry.npmjs.org/create-expo-app/-/create-expo-app-3.5.3.tgz. Extracting by manifest.
26 http fetch GET 200 https://registry.npmjs.org/create-expo-app/-/create-expo-app-3.5.3.tgz 121ms (cache miss)
27 http fetch POST 200 https://registry.npmjs.org/-/npm/v1/security/advisories/bulk 351ms
28 silly audit report {}
29 verbose cwd /Users/rahulnehra/antigravity/mobile test app new
30 verbose os Darwin 24.6.0
31 verbose node v22.19.0
32 verbose npm  v10.9.3
33 notice
33 notice New major version of npm available! 10.9.3 -> 11.9.0
33 notice Changelog: https://github.com/npm/cli/releases/tag/v11.9.0
33 notice To update run: npm install -g npm@11.9.0
33 notice  { force: true, [Symbol(proc-log.meta)]: true }
34 verbose exit 1
35 verbose code 1
