0 verbose cli /usr/local/bin/node /usr/local/bin/npm
1 info using npm@10.9.3
2 info using node@v22.19.0
3 silly config load:file:/usr/local/lib/node_modules/npm/npmrc
4 silly config load:file:/Users/rahulnehra/antigravity/mobile test app new/.npmrc
5 silly config load:file:/Users/rahulnehra/.npmrc
6 silly config load:file:/usr/local/etc/npmrc
7 verbose title npm install react-native-tab-view react-native-pager-view
8 verbose argv "install" "react-native-tab-view" "react-native-pager-view"
9 verbose logfile logs-max:10 dir:/Users/rahulnehra/antigravity/mobile test app new/.npm_cache/_logs/2026-02-06T14_17_49_801Z-
10 verbose logfile /Users/rahulnehra/antigravity/mobile test app new/.npm_cache/_logs/2026-02-06T14_17_49_801Z-debug-0.log
11 silly logfile done cleaning log files
12 silly packumentCache heap:4345298944 maxSize:1086324736 maxEntrySize:543162368
13 silly idealTree buildDeps
14 silly fetch manifest react-native-tab-view@*
15 silly packumentCache full:https://registry.npmjs.org/react-native-tab-view cache-miss
16 http fetch GET 200 https://registry.npmjs.org/react-native-tab-view 3206ms (cache miss)
17 silly packumentCache full:https://registry.npmjs.org/react-native-tab-view set size:undefined disposed:false
18 silly fetch manifest react@18.3.1
19 silly packumentCache full:https://registry.npmjs.org/react cache-miss
20 http fetch GET 200 https://registry.npmjs.org/react 101ms (cache revalidated)
21 silly packumentCache full:https://registry.npmjs.org/react set size:6462613 disposed:false
22 silly fetch manifest react-native@0.76.6
23 silly packumentCache full:https://registry.npmjs.org/react-native cache-miss
24 http fetch GET 200 https://registry.npmjs.org/react-native 116ms (cache revalidated)
25 silly packumentCache full:https://registry.npmjs.org/react-native set size:14798652 disposed:false
26 silly fetch manifest @types/react@~18.3.12
27 silly packumentCache full:https://registry.npmjs.org/@types%2freact cache-miss
28 http fetch GET 200 https://registry.npmjs.org/@types%2freact 98ms (cache revalidated)
29 silly packumentCache full:https://registry.npmjs.org/@types%2freact set size:2584421 disposed:false
30 silly fetch manifest react-native-pager-view@*
31 silly packumentCache full:https://registry.npmjs.org/react-native-pager-view cache-miss
32 http fetch GET 200 https://registry.npmjs.org/react-native-pager-view 148ms (cache miss)
33 silly packumentCache full:https://registry.npmjs.org/react-native-pager-view set size:undefined disposed:false
34 silly placeDep ROOT react-native-pager-view@8.0.0 OK for: test-series-pro@1.0.0 want: *
35 silly placeDep ROOT react-native-tab-view@4.2.2 OK for: test-series-pro@1.0.0 want: *
36 silly reify moves {}
37 silly audit bulk request {
37 silly audit   '@0no-co/graphql.web': [ '1.2.0' ],
37 silly audit   '@babel/code-frame': [ '7.29.0', '7.10.4' ],
37 silly audit   '@babel/compat-data': [ '7.29.0' ],
37 silly audit   '@babel/core': [ '7.29.0' ],
37 silly audit   '@babel/generator': [ '7.29.1' ],
37 silly audit   '@babel/helper-annotate-as-pure': [ '7.27.3' ],
37 silly audit   '@babel/helper-compilation-targets': [ '7.28.6' ],
37 silly audit   '@babel/helper-create-class-features-plugin': [ '7.28.6' ],
37 silly audit   '@babel/helper-create-regexp-features-plugin': [ '7.28.5' ],
37 silly audit   '@babel/helper-define-polyfill-provider': [ '0.6.6' ],
37 silly audit   '@babel/helper-globals': [ '7.28.0' ],
37 silly audit   '@babel/helper-member-expression-to-functions': [ '7.28.5' ],
37 silly audit   '@babel/helper-module-imports': [ '7.28.6' ],
37 silly audit   '@babel/helper-module-transforms': [ '7.28.6' ],
37 silly audit   '@babel/helper-optimise-call-expression': [ '7.27.1' ],
37 silly audit   '@babel/helper-plugin-utils': [ '7.28.6' ],
37 silly audit   '@babel/helper-remap-async-to-generator': [ '7.27.1' ],
37 silly audit   '@babel/helper-replace-supers': [ '7.28.6' ],
37 silly audit   '@babel/helper-skip-transparent-expression-wrappers': [ '7.27.1' ],
37 silly audit   '@babel/helper-string-parser': [ '7.27.1' ],
37 silly audit   '@babel/helper-validator-identifier': [ '7.28.5' ],
37 silly audit   '@babel/helper-validator-option': [ '7.27.1' ],
37 silly audit   '@babel/helper-wrap-function': [ '7.28.6' ],
37 silly audit   '@babel/helpers': [ '7.28.6' ],
37 silly audit   '@babel/highlight': [ '7.25.9' ],
37 silly audit   'ansi-styles': [ '3.2.1', '6.2.3', '4.3.0', '5.2.0' ],
37 silly audit   chalk: [ '2.4.2', '4.1.2' ],
37 silly audit   'color-convert': [ '1.9.3', '2.0.1' ],
37 silly audit   'color-name': [ '1.1.3', '1.1.4' ],
37 silly audit   'escape-string-regexp': [ '1.0.5', '4.0.0', '2.0.0' ],
37 silly audit   'has-flag': [ '3.0.0', '4.0.0' ],
37 silly audit   'supports-color': [ '5.5.0', '8.1.1', '7.2.0' ],
37 silly audit   '@babel/parser': [ '7.29.0' ],
37 silly audit   '@babel/plugin-bugfix-firefox-class-in-computed-class-key': [ '7.28.5' ],
37 silly audit   '@babel/plugin-bugfix-safari-class-field-initializer-scope': [ '7.27.1' ],
37 silly audit   '@babel/plugin-bugfix-safari-id-destructuring-collision-in-function-expression': [ '7.27.1' ],
37 silly audit   '@babel/plugin-bugfix-v8-spread-parameters-in-optional-chaining': [ '7.27.1' ],
37 silly audit   '@babel/plugin-bugfix-v8-static-class-fields-redefine-readonly': [ '7.28.6' ],
37 silly audit   '@babel/plugin-proposal-class-properties': [ '7.18.6' ],
37 silly audit   '@babel/plugin-proposal-decorators': [ '7.29.0' ],
37 silly audit   '@babel/plugin-proposal-export-default-from': [ '7.27.1' ],
37 silly audit   '@babel/plugin-proposal-nullish-coalescing-operator': [ '7.18.6' ],
37 silly audit   '@babel/plugin-proposal-optional-chaining': [ '7.21.0' ],
37 silly audit   '@babel/plugin-proposal-private-property-in-object': [ '7.21.0-placeholder-for-preset-env.2' ],
37 silly audit   '@babel/plugin-syntax-async-generators': [ '7.8.4' ],
37 silly audit   '@babel/plugin-syntax-bigint': [ '7.8.3' ],
37 silly audit   '@babel/plugin-syntax-class-properties': [ '7.12.13' ],
37 silly audit   '@babel/plugin-syntax-class-static-block': [ '7.14.5' ],
37 silly audit   '@babel/plugin-syntax-decorators': [ '7.28.6' ],
37 silly audit   '@babel/plugin-syntax-dynamic-import': [ '7.8.3' ],
37 silly audit   '@babel/plugin-syntax-export-default-from': [ '7.28.6' ],
37 silly audit   '@babel/plugin-syntax-flow': [ '7.28.6' ],
37 silly audit   '@babel/plugin-syntax-import-assertions': [ '7.28.6' ],
37 silly audit   '@babel/plugin-syntax-import-attributes': [ '7.28.6' ],
37 silly audit   '@babel/plugin-syntax-import-meta': [ '7.10.4' ],
37 silly audit   '@babel/plugin-syntax-json-strings': [ '7.8.3' ],
37 silly audit   '@babel/plugin-syntax-jsx': [ '7.28.6' ],
37 silly audit   '@babel/plugin-syntax-logical-assignment-operators': [ '7.10.4' ],
37 silly audit   '@babel/plugin-syntax-nullish-coalescing-operator': [ '7.8.3' ],
37 silly audit   '@babel/plugin-syntax-numeric-separator': [ '7.10.4' ],
37 silly audit   '@babel/plugin-syntax-object-rest-spread': [ '7.8.3' ],
37 silly audit   '@babel/plugin-syntax-optional-catch-binding': [ '7.8.3' ],
37 silly audit   '@babel/plugin-syntax-optional-chaining': [ '7.8.3' ],
37 silly audit   '@babel/plugin-syntax-private-property-in-object': [ '7.14.5' ],
37 silly audit   '@babel/plugin-syntax-top-level-await': [ '7.14.5' ],
37 silly audit   '@babel/plugin-syntax-typescript': [ '7.28.6' ],
37 silly audit   '@babel/plugin-syntax-unicode-sets-regex': [ '7.18.6' ],
37 silly audit   '@babel/plugin-transform-arrow-functions': [ '7.27.1' ],
37 silly audit   '@babel/plugin-transform-async-generator-functions': [ '7.29.0' ],
37 silly audit   '@babel/plugin-transform-async-to-generator': [ '7.28.6' ],
37 silly audit   '@babel/plugin-transform-block-scoped-functions': [ '7.27.1' ],
37 silly audit   '@babel/plugin-transform-block-scoping': [ '7.28.6' ],
37 silly audit   '@babel/plugin-transform-class-properties': [ '7.28.6' ],
37 silly audit   '@babel/plugin-transform-class-static-block': [ '7.28.6' ],
37 silly audit   '@babel/plugin-transform-classes': [ '7.28.6' ],
37 silly audit   '@babel/plugin-transform-computed-properties': [ '7.28.6' ],
37 silly audit   '@babel/plugin-transform-destructuring': [ '7.28.5' ],
37 silly audit   '@babel/plugin-transform-dotall-regex': [ '7.28.6' ],
37 silly audit   '@babel/plugin-transform-duplicate-keys': [ '7.27.1' ],
37 silly audit   '@babel/plugin-transform-duplicate-named-capturing-groups-regex': [ '7.29.0' ],
37 silly audit   '@babel/plugin-transform-dynamic-import': [ '7.27.1' ],
37 silly audit   '@babel/plugin-transform-explicit-resource-management': [ '7.28.6' ],
37 silly audit   '@babel/plugin-transform-exponentiation-operator': [ '7.28.6' ],
37 silly audit   '@babel/plugin-transform-export-namespace-from': [ '7.27.1' ],
37 silly audit   '@babel/plugin-transform-flow-strip-types': [ '7.27.1' ],
37 silly audit   '@babel/plugin-transform-for-of': [ '7.27.1' ],
37 silly audit   '@babel/plugin-transform-function-name': [ '7.27.1' ],
37 silly audit   '@babel/plugin-transform-json-strings': [ '7.28.6' ],
37 silly audit   '@babel/plugin-transform-literals': [ '7.27.1' ],
37 silly audit   '@babel/plugin-transform-logical-assignment-operators': [ '7.28.6' ],
37 silly audit   '@babel/plugin-transform-member-expression-literals': [ '7.27.1' ],
37 silly audit   '@babel/plugin-transform-modules-amd': [ '7.27.1' ],
37 silly audit   '@babel/plugin-transform-modules-commonjs': [ '7.28.6' ],
37 silly audit   '@babel/plugin-transform-modules-systemjs': [ '7.29.0' ],
37 silly audit   '@babel/plugin-transform-modules-umd': [ '7.27.1' ],
37 silly audit   '@babel/plugin-transform-named-capturing-groups-regex': [ '7.29.0' ],
37 silly audit   '@babel/plugin-transform-new-target': [ '7.27.1' ],
37 silly audit   '@babel/plugin-transform-nullish-coalescing-operator': [ '7.28.6' ],
37 silly audit   '@babel/plugin-transform-numeric-separator': [ '7.28.6' ],
37 silly audit   '@babel/plugin-transform-object-rest-spread': [ '7.28.6' ],
37 silly audit   '@babel/plugin-transform-object-super': [ '7.27.1' ],
37 silly audit   '@babel/plugin-transform-optional-catch-binding': [ '7.28.6' ],
37 silly audit   '@babel/plugin-transform-optional-chaining': [ '7.28.6' ],
37 silly audit   '@babel/plugin-transform-parameters': [ '7.27.7' ],
37 silly audit   '@babel/plugin-transform-private-methods': [ '7.28.6' ],
37 silly audit   '@babel/plugin-transform-private-property-in-object': [ '7.28.6' ],
37 silly audit   '@babel/plugin-transform-property-literals': [ '7.27.1' ],
37 silly audit   '@babel/plugin-transform-react-display-name': [ '7.28.0' ],
37 silly audit   '@babel/plugin-transform-react-jsx': [ '7.28.6' ],
37 silly audit   '@babel/plugin-transform-react-jsx-development': [ '7.27.1' ],
37 silly audit   '@babel/plugin-transform-react-jsx-self': [ '7.27.1' ],
37 silly audit   '@babel/plugin-transform-react-jsx-source': [ '7.27.1' ],
37 silly audit   '@babel/plugin-transform-react-pure-annotations': [ '7.27.1' ],
37 silly audit   '@babel/plugin-transform-regenerator': [ '7.29.0' ],
37 silly audit   '@babel/plugin-transform-regexp-modifiers': [ '7.28.6' ],
37 silly audit   '@babel/plugin-transform-reserved-words': [ '7.27.1' ],
37 silly audit   '@babel/plugin-transform-runtime': [ '7.29.0' ],
37 silly audit   '@babel/plugin-transform-shorthand-properties': [ '7.27.1' ],
37 silly audit   '@babel/plugin-transform-spread': [ '7.28.6' ],
37 silly audit   '@babel/plugin-transform-sticky-regex': [ '7.27.1' ],
37 silly audit   '@babel/plugin-transform-template-literals': [ '7.27.1' ],
37 silly audit   '@babel/plugin-transform-typeof-symbol': [ '7.27.1' ],
37 silly audit   '@babel/plugin-transform-typescript': [ '7.28.6' ],
37 silly audit   '@babel/plugin-transform-unicode-escapes': [ '7.27.1' ],
37 silly audit   '@babel/plugin-transform-unicode-property-regex': [ '7.28.6' ],
37 silly audit   '@babel/plugin-transform-unicode-regex': [ '7.27.1' ],
37 silly audit   '@babel/plugin-transform-unicode-sets-regex': [ '7.28.6' ],
37 silly audit   '@babel/preset-env': [ '7.29.0' ],
37 silly audit   'babel-plugin-polyfill-corejs3': [ '0.14.0', '0.13.0' ],
37 silly audit   '@babel/preset-flow': [ '7.27.1' ],
37 silly audit   '@babel/preset-modules': [ '0.1.6-no-external-plugins' ],
37 silly audit   '@babel/preset-react': [ '7.28.5' ],
37 silly audit   '@babel/preset-typescript': [ '7.28.5' ],
37 silly audit   '@babel/register': [ '7.28.6' ],
37 silly audit   '@babel/runtime': [ '7.28.6' ],
37 silly audit   '@babel/template': [ '7.28.6' ],
37 silly audit   '@babel/traverse': [ '7.29.0' ],
37 silly audit   '@babel/types': [ '7.29.0' ],
37 silly audit   '@egjs/hammerjs': [ '2.0.17' ],
37 silly audit   '@expo/bunyan': [ '4.0.1' ],
37 silly audit   '@expo/cli': [ '0.22.28' ],
37 silly audit   'brace-expansion': [ '2.0.2', '1.1.12' ],
37 silly audit   glob: [ '10.5.0', '7.2.3' ],
37 silly audit   minimatch: [ '9.0.5', '3.1.2' ],
37 silly audit   semver: [ '7.7.4', '5.7.2', '7.6.3', '6.3.1' ],
37 silly audit   '@expo/code-signing-certificates': [ '0.0.6' ],
37 silly audit   '@expo/config': [ '10.0.11' ],
37 silly audit   '@expo/config-plugins': [ '9.0.17' ],
37 silly audit   '@expo/json-file': [ '9.0.2', '9.1.5', '10.0.8' ],
37 silly audit   '@expo/config-types': [ '52.0.5' ],
37 silly audit   '@expo/devcert': [ '1.2.1' ],
37 silly audit   debug: [ '3.2.7', '2.6.9', '4.4.3' ],
37 silly audit   '@expo/env': [ '0.4.2' ],
37 silly audit   '@expo/fingerprint': [ '0.11.11' ],
37 silly audit   '@expo/image-utils': [ '0.6.5' ],
37 silly audit   'fs-extra': [ '9.0.0', '9.1.0', '8.1.0' ],
37 silly audit   jsonfile: [ '6.2.0', '4.0.0' ],
37 silly audit   universalify: [ '2.0.1', '1.0.0', '0.1.2' ],
37 silly audit   '@expo/metro-config': [ '0.19.12' ],
37 silly audit   '@expo/metro-runtime': [ '4.0.1' ],
37 silly audit   '@expo/osascript': [ '2.3.8' ],
37 silly audit   '@expo/package-manager': [ '1.9.10' ],
37 silly audit   '@expo/plist': [ '0.2.2' ],
37 silly audit   '@expo/prebuild-config': [ '8.2.0' ],
37 silly audit   '@expo/rudder-sdk-node': [ '1.1.1' ],
37 silly audit   '@expo/sdk-runtime-versions': [ '1.0.0' ],
37 silly audit   '@expo/server': [ '0.5.3' ],
37 silly audit   '@expo/spawn-async': [ '1.7.2' ],
37 silly audit   '@expo/sudo-prompt': [ '9.3.2' ],
37 silly audit   '@expo/vector-icons': [ '14.1.0', '14.0.4' ],
37 silly audit   '@expo/ws-tunnel': [ '1.0.6' ],
37 silly audit   '@expo/xcpretty': [ '4.4.0' ],
37 silly audit   '@isaacs/cliui': [ '8.0.2' ],
37 silly audit   'ansi-regex': [ '6.2.2', '5.0.1', '4.1.1' ],
37 silly audit   'emoji-regex': [ '9.2.2', '8.0.0' ],
37 silly audit   'string-width': [ '5.1.2', '4.2.3' ],
37 silly audit   'strip-ansi': [ '7.1.2', '6.0.1', '5.2.0' ],
37 silly audit   'wrap-ansi': [ '8.1.0', '7.0.0' ],
37 silly audit   '@isaacs/ttlcache': [ '1.4.1' ],
37 silly audit   '@istanbuljs/load-nyc-config': [ '1.1.0' ],
37 silly audit   argparse: [ '1.0.10', '2.0.1' ],
37 silly audit   'find-up': [ '4.1.0', '5.0.0', '3.0.0' ],
37 silly audit   'js-yaml': [ '3.14.2', '4.1.1' ],
37 silly audit   'locate-path': [ '5.0.0', '6.0.0', '3.0.0' ],
37 silly audit   'p-limit': [ '2.3.0', '3.1.0' ],
37 silly audit   'p-locate': [ '4.1.0', '5.0.0', '3.0.0' ],
37 silly audit   '@istanbuljs/schema': [ '0.1.3' ],
37 silly audit   '@jest/create-cache-key-function': [ '29.7.0' ],
37 silly audit   '@jest/environment': [ '29.7.0' ],
37 silly audit   '@jest/fake-timers': [ '29.7.0' ],
37 silly audit   '@jest/schemas': [ '29.6.3' ],
37 silly audit   '@jest/transform': [ '29.7.0' ],
37 silly audit   'write-file-atomic': [ '4.0.2', '2.4.3' ],
37 silly audit   '@jest/types': [ '29.6.3' ],
37 silly audit   '@jridgewell/gen-mapping': [ '0.3.13' ],
37 silly audit   '@jridgewell/remapping': [ '2.3.5' ],
37 silly audit   '@jridgewell/resolve-uri': [ '3.1.2' ],
37 silly audit   '@jridgewell/source-map': [ '0.3.11' ],
37 silly audit   '@jridgewell/sourcemap-codec': [ '1.5.5' ],
37 silly audit   '@jridgewell/trace-mapping': [ '0.3.31' ],
37 silly audit   '@nodelib/fs.scandir': [ '2.1.5' ],
37 silly audit   '@nodelib/fs.stat': [ '2.0.5' ],
37 silly audit   '@nodelib/fs.walk': [ '1.2.8' ],
37 silly audit   '@npmcli/fs': [ '3.1.1' ],
37 silly audit   '@pkgjs/parseargs': [ '0.11.0' ],
37 silly audit   '@radix-ui/react-compose-refs': [ '1.0.0' ],
37 silly audit   '@radix-ui/react-slot': [ '1.0.1' ],
37 silly audit   '@react-native-async-storage/async-storage': [ '1.23.1' ],
37 silly audit   '@react-native/assets-registry': [ '0.76.6' ],
37 silly audit   '@react-native/babel-plugin-codegen': [ '0.76.9', '0.76.6' ],
37 silly audit   '@react-native/babel-preset': [ '0.76.9', '0.76.6' ],
37 silly audit   '@react-native/codegen': [ '0.76.9', '0.76.6' ],
37 silly audit   '@react-native/community-cli-plugin': [ '0.76.6' ],
37 silly audit   '@react-native/debugger-frontend': [ '0.76.6', '0.76.9' ],
37 silly audit   '@react-native/dev-middleware': [ '0.76.6', '0.76.9' ],
37 silly audit   execa: [ '5.1.1', '1.0.0' ],
37 silly audit   'get-stream': [ '6.0.1', '4.1.0' ],
37 silly audit   'is-stream': [ '2.0.1', '1.1.0' ],
37 silly audit   'mimic-fn': [ '2.1.0', '1.2.0' ],
37 silly audit   ms: [ '2.0.0', '2.1.3' ],
37 silly audit   'npm-run-path': [ '4.0.1', '2.0.2' ],
37 silly audit   onetime: [ '5.1.2', '2.0.1' ],
37 silly audit   ws: [ '6.2.3', '7.5.10', '8.19.0' ],
37 silly audit   '@react-native/gradle-plugin': [ '0.76.6' ],
37 silly audit   '@react-native/js-polyfills': [ '0.76.6' ],
37 silly audit   '@react-native/metro-babel-transformer': [ '0.76.6' ],
37 silly audit   '@react-native/normalize-colors': [ '0.76.9', '0.76.8', '0.74.89', '0.76.6' ],
37 silly audit   '@react-native/virtualized-lists': [ '0.76.6' ],
37 silly audit   '@react-navigation/bottom-tabs': [ '6.6.1', '7.12.0' ],
37 silly audit   '@react-navigation/core': [ '6.4.17', '7.14.0' ],
37 silly audit   '@react-navigation/elements': [ '1.3.31', '2.9.5' ],
37 silly audit   '@react-navigation/native': [ '6.1.18', '7.1.28' ],
37 silly audit   '@react-navigation/native-stack': [ '6.11.0', '7.12.0' ],
37 silly audit   '@react-navigation/routers': [ '6.1.9', '7.5.3' ],
37 silly audit   '@segment/loosely-validate-event': [ '2.0.0' ],
37 silly audit   '@shopify/flash-list': [ '1.7.1' ],
37 silly audit   '@sinclair/typebox': [ '0.27.10' ],
37 silly audit   '@sinonjs/commons': [ '3.0.1' ],
37 silly audit   '@sinonjs/fake-timers': [ '10.3.0' ],
37 silly audit   '@types/babel__core': [ '7.20.5' ],
37 silly audit   '@types/babel__generator': [ '7.27.0' ],
37 silly audit   '@types/babel__template': [ '7.4.4' ],
37 silly audit   '@types/babel__traverse': [ '7.28.0' ],
37 silly audit   '@types/graceful-fs': [ '4.1.9' ],
37 silly audit   '@types/hammerjs': [ '2.0.46' ],
37 silly audit   '@types/istanbul-lib-coverage': [ '2.0.6' ],
37 silly audit   '@types/istanbul-lib-report': [ '3.0.3' ],
37 silly audit   '@types/istanbul-reports': [ '3.0.4' ],
37 silly audit   '@types/json-schema': [ '7.0.15' ],
37 silly audit   '@types/node': [ '25.2.1' ],
37 silly audit   '@types/node-forge': [ '1.3.14' ],
37 silly audit   '@types/prop-types': [ '15.7.15' ],
37 silly audit   '@types/react': [ '18.3.28' ],
37 silly audit   '@types/stack-utils': [ '2.0.3' ],
37 silly audit   '@types/yargs': [ '17.0.35' ],
37 silly audit   '@types/yargs-parser': [ '21.0.3' ],
37 silly audit   '@urql/core': [ '5.2.0' ],
37 silly audit   '@urql/exchange-retry': [ '1.3.2' ],
37 silly audit   '@xmldom/xmldom': [ '0.7.13', '0.8.11' ],
37 silly audit   'abort-controller': [ '3.0.0' ],
37 silly audit   accepts: [ '1.3.8' ],
37 silly audit   acorn: [ '8.15.0' ],
37 silly audit   'aggregate-error': [ '3.1.0' ],
37 silly audit   ajv: [ '8.11.0' ],
37 silly audit   'ajv-formats': [ '2.1.1' ],
37 silly audit   'ajv-keywords': [ '5.1.0' ],
37 silly audit   anser: [ '1.4.10' ],
37 silly audit   'ansi-escapes': [ '4.3.2' ],
37 silly audit   'type-fest': [ '0.21.3', '0.16.0', '0.7.1' ],
37 silly audit   'any-promise': [ '1.3.0' ],
37 silly audit   anymatch: [ '3.1.3' ],
37 silly audit   picomatch: [ '2.3.1', '3.0.1' ],
37 silly audit   arg: [ '5.0.2' ],
37 silly audit   'array-union': [ '2.1.0' ],
37 silly audit   asap: [ '2.0.6' ],
37 silly audit   'ast-types': [ '0.15.2' ],
37 silly audit   'async-limiter': [ '1.0.1' ],
37 silly audit   asynckit: [ '0.4.0' ],
37 silly audit   'at-least-node': [ '1.0.0' ],
37 silly audit   'babel-core': [ '7.0.0-bridge.0' ],
37 silly audit   'babel-jest': [ '29.7.0' ],
37 silly audit   'babel-plugin-istanbul': [ '6.1.1' ],
37 silly audit   'babel-plugin-jest-hoist': [ '29.6.3' ],
37 silly audit   'babel-plugin-polyfill-corejs2': [ '0.4.15' ],
37 silly audit   'babel-plugin-polyfill-regenerator': [ '0.6.6' ],
37 silly audit   'babel-plugin-react-native-web': [ '0.19.13' ],
37 silly audit   'babel-plugin-syntax-hermes-parser': [ '0.25.1', '0.23.1' ],
37 silly audit   'hermes-estree': [ '0.25.1', '0.23.1' ],
37 silly audit   'hermes-parser': [ '0.25.1', '0.23.1' ],
37 silly audit   'babel-plugin-transform-flow-enums': [ '0.0.2' ],
37 silly audit   'babel-preset-current-node-syntax': [ '1.2.0' ],
37 silly audit   'babel-preset-expo': [ '12.0.12' ],
37 silly audit   'babel-preset-jest': [ '29.6.3' ],
37 silly audit   'balanced-match': [ '1.0.2' ],
37 silly audit   'base64-js': [ '1.5.1' ],
37 silly audit   'baseline-browser-mapping': [ '2.9.19' ],
37 silly audit   'better-opn': [ '3.0.2' ],
37 silly audit   open: [ '8.4.2', '7.4.2' ],
37 silly audit   'big-integer': [ '1.6.52' ],
37 silly audit   boolbase: [ '1.0.0' ],
37 silly audit   'bplist-creator': [ '0.0.7', '0.1.0' ],
37 silly audit   'bplist-parser': [ '0.3.2', '0.3.1' ],
37 silly audit   braces: [ '3.0.3' ],
37 silly audit   browserslist: [ '4.28.1' ],
37 silly audit   bser: [ '2.1.1' ],
37 silly audit   buffer: [ '5.7.1' ],
37 silly audit   'buffer-alloc': [ '1.2.0' ],
37 silly audit   'buffer-alloc-unsafe': [ '1.1.0' ],
37 silly audit   'buffer-fill': [ '1.0.0' ],
37 silly audit   'buffer-from': [ '1.1.2' ],
37 silly audit   bytes: [ '3.1.2' ],
37 silly audit   cacache: [ '18.0.4' ],
37 silly audit   'lru-cache': [ '10.4.3', '5.1.1' ],
37 silly audit   'call-bind-apply-helpers': [ '1.0.2' ],
37 silly audit   'caller-callsite': [ '2.0.0' ],
37 silly audit   'caller-path': [ '2.0.0' ],
37 silly audit   callsites: [ '2.0.0' ],
37 silly audit   camelcase: [ '5.3.1', '6.3.0' ],
37 silly audit   'caniuse-lite': [ '1.0.30001769' ],
37 silly audit   charenc: [ '0.0.2' ],
37 silly audit   chownr: [ '2.0.0' ],
37 silly audit   'chrome-launcher': [ '0.15.2' ],
37 silly audit   'chromium-edge-launcher': [ '0.2.0' ],
37 silly audit   mkdirp: [ '1.0.4', '0.5.6' ],
37 silly audit   'ci-info': [ '3.9.0', '2.0.0' ],
37 silly audit   'clean-stack': [ '2.2.0' ],
37 silly audit   'cli-cursor': [ '2.1.0' ],
37 silly audit   'cli-spinners': [ '2.9.2' ],
37 silly audit   'client-only': [ '0.0.1' ],
37 silly audit   cliui: [ '8.0.1' ],
37 silly audit   clone: [ '1.0.4' ],
37 silly audit   'clone-deep': [ '4.0.1' ],
37 silly audit   color: [ '4.2.3' ],
37 silly audit   'color-string': [ '1.9.1' ],
37 silly audit   'combined-stream': [ '1.0.8' ],
37 silly audit   commander: [ '7.2.0', '12.1.0', '4.1.1', '2.20.3' ],
37 silly audit   commondir: [ '1.0.1' ],
37 silly audit   'component-type': [ '1.2.2' ],
37 silly audit   compressible: [ '2.0.18' ],
37 silly audit   compression: [ '1.8.1' ],
37 silly audit   negotiator: [ '0.6.4', '0.6.3' ],
37 silly audit   'concat-map': [ '0.0.1' ],
37 silly audit   connect: [ '3.7.0' ],
37 silly audit   'convert-source-map': [ '2.0.0' ],
37 silly audit   'core-js-compat': [ '3.48.0' ],
37 silly audit   cosmiconfig: [ '5.2.1' ],
37 silly audit   'cross-fetch': [ '3.2.0' ],
37 silly audit   'cross-spawn': [ '7.0.6', '6.0.6' ],
37 silly audit   crypt: [ '0.0.2' ],
37 silly audit   'crypto-random-string': [ '2.0.0' ],
37 silly audit   'css-in-js-utils': [ '3.1.0' ],
37 silly audit   'css-select': [ '5.2.2' ],
37 silly audit   'css-tree': [ '1.1.3' ],
37 silly audit   'source-map': [ '0.6.1', '0.5.7' ],
37 silly audit   'css-what': [ '6.2.2' ],
37 silly audit   csstype: [ '3.2.3' ],
37 silly audit   'decode-uri-component': [ '0.2.2' ],
37 silly audit   'deep-extend': [ '0.6.0' ],
37 silly audit   deepmerge: [ '4.3.1' ],
37 silly audit   'default-gateway': [ '4.2.0' ],
37 silly audit   defaults: [ '1.0.4' ],
37 silly audit   'define-lazy-prop': [ '2.0.0' ],
37 silly audit   del: [ '6.1.1' ],
37 silly audit   'delayed-stream': [ '1.0.0' ],
37 silly audit   depd: [ '2.0.0' ],
37 silly audit   destroy: [ '1.2.0' ],
37 silly audit   'detect-libc': [ '1.0.3' ],
37 silly audit   'dir-glob': [ '3.0.1' ],
37 silly audit   'dom-serializer': [ '2.0.0' ],
37 silly audit   domelementtype: [ '2.3.0' ],
37 silly audit   domhandler: [ '5.0.3' ],
37 silly audit   domutils: [ '3.2.2' ],
37 silly audit   dotenv: [ '16.4.7' ],
37 silly audit   'dotenv-expand': [ '11.0.7' ],
37 silly audit   'dunder-proto': [ '1.0.1' ],
37 silly audit   eastasianwidth: [ '0.2.0' ],
37 silly audit   'ee-first': [ '1.1.1' ],
37 silly audit   'electron-to-chromium': [ '1.5.286' ],
37 silly audit   encodeurl: [ '1.0.2', '2.0.0' ],
37 silly audit   'end-of-stream': [ '1.4.5' ],
37 silly audit   entities: [ '4.5.0' ],
37 silly audit   'env-editor': [ '0.4.2' ],
37 silly audit   'error-ex': [ '1.3.4' ],
37 silly audit   'error-stack-parser': [ '2.1.4' ],
37 silly audit   'es-define-property': [ '1.0.1' ],
37 silly audit   'es-errors': [ '1.3.0' ],
37 silly audit   'es-object-atoms': [ '1.1.1' ],
37 silly audit   'es-set-tostringtag': [ '2.1.0' ],
37 silly audit   escalade: [ '3.2.0' ],
37 silly audit   'escape-html': [ '1.0.3' ],
37 silly audit   esprima: [ '4.0.1' ],
37 silly audit   esutils: [ '2.0.3' ],
37 silly audit   etag: [ '1.8.1' ],
37 silly audit   'event-target-shim': [ '5.0.1' ],
37 silly audit   'exec-async': [ '2.2.0' ],
37 silly audit   'path-key': [ '2.0.1', '3.1.1' ],
37 silly audit   'shebang-command': [ '1.2.0', '2.0.0' ],
37 silly audit   'shebang-regex': [ '1.0.0', '3.0.0' ],
37 silly audit   which: [ '1.3.1', '2.0.2' ],
37 silly audit   expo: [ '52.0.49' ],
37 silly audit   'expo-asset': [ '11.0.5' ],
37 silly audit   'expo-blur': [ '14.0.3' ],
37 silly audit   'expo-constants': [ '17.0.8' ],
37 silly audit   'expo-crypto': [ '14.0.2' ],
37 silly audit   'expo-dev-client': [ '5.0.20' ],
37 silly audit   'expo-dev-launcher': [ '5.0.35' ],
37 silly audit   'expo-dev-menu': [ '6.0.25' ],
37 silly audit   'expo-dev-menu-interface': [ '1.9.3' ],
37 silly audit   'expo-file-system': [ '18.0.12' ],
37 silly audit   'expo-font': [ '14.0.11', '13.0.4' ],
37 silly audit   'expo-haptics': [ '14.0.1' ],
37 silly audit   'expo-json-utils': [ '0.14.0' ],
37 silly audit   'expo-keep-awake': [ '14.0.3' ],
37 silly audit   'expo-linear-gradient': [ '14.0.2' ],
37 silly audit   'expo-linking': [ '7.0.5' ],
37 silly audit   'expo-manifests': [ '0.15.8' ],
37 silly audit   'expo-modules-autolinking': [ '2.0.8' ],
37 silly audit   'expo-modules-core': [ '2.2.3' ],
37 silly audit   'expo-router': [ '4.0.22' ],
37 silly audit   'react-is': [ '19.2.4', '18.3.1', '16.13.1' ],
37 silly audit   'expo-secure-store': [ '14.0.1' ],
37 silly audit   'expo-status-bar': [ '2.0.1' ],
37 silly audit   'expo-system-ui': [ '4.0.9' ],
37 silly audit   'expo-updates-interface': [ '1.0.0' ],
37 silly audit   'exponential-backoff': [ '3.1.3' ],
37 silly audit   'fast-deep-equal': [ '3.1.3' ],
37 silly audit   'fast-glob': [ '3.3.3' ],
37 silly audit   'fast-json-stable-stringify': [ '2.1.0' ],
37 silly audit   'fast-loops': [ '1.1.4' ],
37 silly audit   fastq: [ '1.20.1' ],
37 silly audit   'fb-watchman': [ '2.0.2' ],
37 silly audit   fbemitter: [ '3.0.0' ],
37 silly audit   fbjs: [ '3.0.5' ],
37 silly audit   'fbjs-css-vars': [ '1.0.2' ],
37 silly audit   'fetch-retry': [ '4.1.1' ],
37 silly audit   'fill-range': [ '7.1.1' ],
37 silly audit   'filter-obj': [ '1.1.0' ],
37 silly audit   finalhandler: [ '1.1.2' ],
37 silly audit   'find-cache-dir': [ '2.1.0' ],
37 silly audit   'flow-enums-runtime': [ '0.0.6' ],
37 silly audit   'flow-parser': [ '0.299.0' ],
37 silly audit   fontfaceobserver: [ '2.3.0' ],
37 silly audit   'foreground-child': [ '3.3.1' ],
37 silly audit   'signal-exit': [ '4.1.0', '3.0.7' ],
37 silly audit   'form-data': [ '3.0.4' ],
37 silly audit   'freeport-async': [ '2.0.0' ],
37 silly audit   fresh: [ '0.5.2' ],
37 silly audit   'fs-minipass': [ '3.0.3', '2.1.0' ],
37 silly audit   'fs.realpath': [ '1.0.0' ],
37 silly audit   fsevents: [ '2.3.3' ],
37 silly audit   'function-bind': [ '1.1.2' ],
37 silly audit   gensync: [ '1.0.0-beta.2' ],
37 silly audit   'get-caller-file': [ '2.0.5' ],
37 silly audit   'get-intrinsic': [ '1.3.0' ],
37 silly audit   'get-package-type': [ '0.1.0' ],
37 silly audit   'get-proto': [ '1.0.1' ],
37 silly audit   getenv: [ '1.0.0' ],
37 silly audit   'glob-parent': [ '5.1.2' ],
37 silly audit   globby: [ '11.1.0' ],
37 silly audit   gopd: [ '1.2.0' ],
37 silly audit   'graceful-fs': [ '4.2.11' ],
37 silly audit   'has-symbols': [ '1.1.0' ],
37 silly audit   'has-tostringtag': [ '1.0.2' ],
37 silly audit   hasown: [ '2.0.2' ],
37 silly audit   'hoist-non-react-statics': [ '3.3.2' ],
37 silly audit   'hosted-git-info': [ '7.0.2' ],
37 silly audit   'http-errors': [ '2.0.1' ],
37 silly audit   statuses: [ '2.0.2', '1.5.0' ],
37 silly audit   'human-signals': [ '2.1.0' ],
37 silly audit   'hyphenate-style-name': [ '1.1.0' ],
37 silly audit   ieee754: [ '1.2.1' ],
37 silly audit   ignore: [ '5.3.2' ],
37 silly audit   'image-size': [ '1.2.1' ],
37 silly audit   'import-fresh': [ '2.0.0' ],
37 silly audit   'resolve-from': [ '3.0.0', '5.0.0' ],
37 silly audit   imurmurhash: [ '0.1.4' ],
37 silly audit   'indent-string': [ '4.0.0' ],
37 silly audit   inflight: [ '1.0.6' ],
37 silly audit   inherits: [ '2.0.4' ],
37 silly audit   ini: [ '1.3.8' ],
37 silly audit   'inline-style-prefixer': [ '6.0.4' ],
37 silly audit   'internal-ip': [ '4.3.0' ],
37 silly audit   invariant: [ '2.2.4' ],
37 silly audit   'ip-regex': [ '2.1.0' ],
37 silly audit   'ipaddr.js': [ '1.9.1' ],
37 silly audit   'is-arrayish': [ '0.2.1', '0.3.4' ],
37 silly audit   'is-buffer': [ '1.1.6' ],
37 silly audit   'is-core-module': [ '2.16.1' ],
37 silly audit   'is-directory': [ '0.3.1' ],
37 silly audit   'is-docker': [ '2.2.1' ],
37 silly audit   'is-extglob': [ '2.1.1' ],
37 silly audit   'is-fullwidth-code-point': [ '3.0.0' ],
37 silly audit   'is-glob': [ '4.0.3' ],
37 silly audit   'is-number': [ '7.0.0' ],
37 silly audit   'is-path-cwd': [ '2.2.0' ],
37 silly audit   'is-path-inside': [ '3.0.3' ],
37 silly audit   'is-plain-obj': [ '2.1.0' ],
37 silly audit   'is-plain-object': [ '2.0.4' ],
37 silly audit   'is-wsl': [ '2.2.0' ],
37 silly audit   isexe: [ '2.0.0' ],
37 silly audit   isobject: [ '3.0.1' ],
37 silly audit   'istanbul-lib-coverage': [ '3.2.2' ],
37 silly audit   'istanbul-lib-instrument': [ '5.2.1' ],
37 silly audit   jackspeak: [ '3.4.3' ],
37 silly audit   'jest-environment-node': [ '29.7.0' ],
37 silly audit   'jest-get-type': [ '29.6.3' ],
37 silly audit   'jest-haste-map': [ '29.7.0' ],
37 silly audit   'jest-message-util': [ '29.7.0' ],
37 silly audit   'jest-mock': [ '29.7.0' ],
37 silly audit   'jest-regex-util': [ '29.6.3' ],
37 silly audit   'jest-util': [ '29.7.0' ],
37 silly audit   'jest-validate': [ '29.7.0' ],
37 silly audit   'jest-worker': [ '29.7.0' ],
37 silly audit   'jimp-compact': [ '0.16.1' ],
37 silly audit   'join-component': [ '1.1.0' ],
37 silly audit   'js-tokens': [ '4.0.0' ],
37 silly audit   'jsc-android': [ '250231.0.0' ],
37 silly audit   'jsc-safe-url': [ '0.2.4' ],
37 silly audit   jscodeshift: [ '0.14.0' ],
37 silly audit   jsesc: [ '3.1.0' ],
37 silly audit   'json-parse-better-errors': [ '1.0.2' ],
37 silly audit   'json-schema-traverse': [ '1.0.0' ],
37 silly audit   json5: [ '2.2.3' ],
37 silly audit   'kind-of': [ '6.0.3' ],
37 silly audit   kleur: [ '3.0.3' ],
37 silly audit   leven: [ '3.1.0' ],
37 silly audit   'lighthouse-logger': [ '1.4.2' ],
37 silly audit   lightningcss: [ '1.27.0' ],
37 silly audit   'lightningcss-darwin-arm64': [ '1.27.0' ],
37 silly audit   'lightningcss-darwin-x64': [ '1.27.0' ],
37 silly audit   'lightningcss-freebsd-x64': [ '1.27.0' ],
37 silly audit   'lightningcss-linux-arm-gnueabihf': [ '1.27.0' ],
37 silly audit   'lightningcss-linux-arm64-gnu': [ '1.27.0' ],
37 silly audit   'lightningcss-linux-arm64-musl': [ '1.27.0' ],
37 silly audit   'lightningcss-linux-x64-gnu': [ '1.27.0' ],
37 silly audit   'lightningcss-linux-x64-musl': [ '1.27.0' ],
37 silly audit   'lightningcss-win32-arm64-msvc': [ '1.27.0' ],
37 silly audit   'lightningcss-win32-x64-msvc': [ '1.27.0' ],
37 silly audit   'lines-and-columns': [ '1.2.4' ],
37 silly audit   'lodash.debounce': [ '4.0.8' ],
37 silly audit   'lodash.throttle': [ '4.1.1' ],
37 silly audit   'log-symbols': [ '2.2.0' ],
37 silly audit   'loose-envify': [ '1.4.0' ],
37 silly audit   'make-dir': [ '2.1.0' ],
37 silly audit   makeerror: [ '1.0.12' ],
37 silly audit   marky: [ '1.3.0' ],
37 silly audit   'math-intrinsics': [ '1.1.0' ],
37 silly audit   md5: [ '2.3.0' ],
37 silly audit   'md5-file': [ '3.2.3' ],
37 silly audit   'mdn-data': [ '2.0.14' ],
37 silly audit   'memoize-one': [ '5.2.1', '6.0.0' ],
37 silly audit   'merge-options': [ '3.0.4' ],
37 silly audit   'merge-stream': [ '2.0.0' ],
37 silly audit   merge2: [ '1.4.1' ],
37 silly audit   metro: [ '0.81.5' ],
37 silly audit   'metro-babel-transformer': [ '0.81.5' ],
37 silly audit   'metro-cache': [ '0.81.5' ],
37 silly audit   'metro-cache-key': [ '0.81.5' ],
37 silly audit   'metro-config': [ '0.81.5' ],
37 silly audit   'metro-core': [ '0.81.5' ],
37 silly audit   'metro-file-map': [ '0.81.5' ],
37 silly audit   'metro-minify-terser': [ '0.81.5' ],
37 silly audit   'metro-resolver': [ '0.81.5' ],
37 silly audit   'metro-runtime': [ '0.81.5' ],
37 silly audit   'metro-source-map': [ '0.81.5' ],
37 silly audit   'metro-symbolicate': [ '0.81.5' ],
37 silly audit   'metro-transform-plugins': [ '0.81.5' ],
37 silly audit   'metro-transform-worker': [ '0.81.5' ],
37 silly audit   micromatch: [ '4.0.8' ],
37 silly audit   mime: [ '1.6.0' ],
37 silly audit   'mime-db': [ '1.54.0', '1.52.0' ],
37 silly audit   'mime-types': [ '2.1.35' ],
37 silly audit   minimist: [ '1.2.8' ],
37 silly audit   minipass: [ '7.1.2', '3.3.6', '5.0.0' ],
37 silly audit   'minipass-collect': [ '2.0.1' ],
37 silly audit   'minipass-flush': [ '1.0.5' ],
37 silly audit   yallist: [ '4.0.0', '3.1.1' ],
37 silly audit   'minipass-pipeline': [ '1.2.4' ],
37 silly audit   minizlib: [ '2.1.2' ],
37 silly audit   mz: [ '2.7.0' ],
37 silly audit   nanoid: [ '3.3.11' ],
37 silly audit   'neo-async': [ '2.6.2' ],
37 silly audit   'nested-error-stacks': [ '2.0.1' ],
37 silly audit   'nice-try': [ '1.0.5' ],
37 silly audit   'node-dir': [ '0.1.17' ],
37 silly audit   'node-fetch': [ '2.7.0' ],
37 silly audit   'node-forge': [ '1.3.3' ],
37 silly audit   'node-int64': [ '0.4.0' ],
37 silly audit   'node-releases': [ '2.0.27' ],
37 silly audit   'normalize-path': [ '3.0.0' ],
37 silly audit   'npm-package-arg': [ '11.0.3' ],
37 silly audit   'nth-check': [ '2.1.1' ],
37 silly audit   nullthrows: [ '1.1.1' ],
37 silly audit   ob1: [ '0.81.5' ],
37 silly audit   'object-assign': [ '4.1.1' ],
37 silly audit   'on-finished': [ '2.3.0', '2.4.1' ],
37 silly audit   'on-headers': [ '1.1.0' ],
37 silly audit   once: [ '1.4.0' ],
37 silly audit   ora: [ '3.4.0' ],
37 silly audit   'p-finally': [ '1.0.0' ],
37 silly audit   'p-map': [ '4.0.0' ],
37 silly audit   'p-try': [ '2.2.0' ],
37 silly audit   'package-json-from-dist': [ '1.0.1' ],
37 silly audit   'parse-json': [ '4.0.0' ],
37 silly audit   'parse-png': [ '2.1.0' ],
37 silly audit   parseurl: [ '1.3.3' ],
37 silly audit   'path-exists': [ '4.0.0', '3.0.0' ],
37 silly audit   'path-is-absolute': [ '1.0.1' ],
37 silly audit   'path-parse': [ '1.0.7' ],
37 silly audit   'path-scurry': [ '1.11.1' ],
37 silly audit   'path-type': [ '4.0.0' ],
37 silly audit   picocolors: [ '1.1.1' ],
37 silly audit   pify: [ '4.0.1' ],
37 silly audit   pirates: [ '4.0.7' ],
37 silly audit   'pkg-dir': [ '3.0.0' ],
37 silly audit   plist: [ '3.1.0' ],
37 silly audit   xmlbuilder: [ '15.1.1', '11.0.1', '14.0.0' ],
37 silly audit   pngjs: [ '3.4.0' ],
37 silly audit   postcss: [ '8.4.49' ],
37 silly audit   'postcss-value-parser': [ '4.2.0' ],
37 silly audit   'pretty-bytes': [ '5.6.0' ],
37 silly audit   'pretty-format': [ '29.7.0' ],
37 silly audit   'proc-log': [ '4.2.0' ],
37 silly audit   progress: [ '2.0.3' ],
37 silly audit   promise: [ '7.3.1', '8.3.0' ],
37 silly audit   prompts: [ '2.4.2' ],
37 silly audit   'prop-types': [ '15.8.1' ],
37 silly audit   pump: [ '3.0.3' ],
37 silly audit   punycode: [ '2.3.1' ],
37 silly audit   'qrcode-terminal': [ '0.11.0' ],
37 silly audit   'query-string': [ '7.1.3' ],
37 silly audit   queue: [ '6.0.2' ],
37 silly audit   'queue-microtask': [ '1.2.3' ],
37 silly audit   'range-parser': [ '1.2.1' ],
37 silly audit   rc: [ '1.2.8' ],
37 silly audit   react: [ '18.3.1' ],
37 silly audit   'react-devtools-core': [ '5.3.2' ],
37 silly audit   'react-dom': [ '18.3.1' ],
37 silly audit   'react-fast-compare': [ '3.2.2' ],
37 silly audit   'react-freeze': [ '1.0.4' ],
37 silly audit   'react-helmet-async': [ '1.3.0' ],
37 silly audit   'react-native': [ '0.76.6' ],
37 silly audit   'react-native-gesture-handler': [ '2.20.2' ],
37 silly audit   'react-native-helmet-async': [ '2.0.4' ],
37 silly audit   'react-native-is-edge-to-edge': [ '1.2.1' ],
37 silly audit   'react-native-reanimated': [ '3.16.7' ],
37 silly audit   'react-native-safe-area-context': [ '4.12.0' ],
37 silly audit   'react-native-screens': [ '4.1.0' ],
37 silly audit   'react-native-svg': [ '15.8.0' ],
37 silly audit   'react-native-web': [ '0.19.13' ],
37 silly audit   scheduler: [ '0.24.0-canary-efb381bbf-20230505', '0.23.2' ],
37 silly audit   'react-refresh': [ '0.14.2' ],
37 silly audit   readline: [ '1.3.0' ],
37 silly audit   recast: [ '0.21.5' ],
37 silly audit   recyclerlistview: [ '4.2.1' ],
37 silly audit   regenerate: [ '1.4.2' ],
37 silly audit   'regenerate-unicode-properties': [ '10.2.2' ],
37 silly audit   'regenerator-runtime': [ '0.13.11' ],
37 silly audit   'regexpu-core': [ '6.4.0' ],
37 silly audit   regjsgen: [ '0.8.0' ],
37 silly audit   regjsparser: [ '0.13.0' ],
37 silly audit   'remove-trailing-slash': [ '0.1.1' ],
37 silly audit   'require-directory': [ '2.1.1' ],
37 silly audit   'require-from-string': [ '2.0.2' ],
37 silly audit   requireg: [ '0.2.2' ],
37 silly audit   resolve: [ '1.7.1', '1.22.11' ],
37 silly audit   'resolve-workspace-root': [ '2.0.1' ],
37 silly audit   'resolve.exports': [ '2.0.3' ],
37 silly audit   'restore-cursor': [ '2.0.0' ],
37 silly audit   reusify: [ '1.1.0' ],
37 silly audit   rimraf: [ '3.0.2', '2.6.3' ],
37 silly audit   'run-parallel': [ '1.2.0' ],
37 silly audit   'safe-buffer': [ '5.2.1' ],
37 silly audit   sax: [ '1.4.4' ],
37 silly audit   'schema-utils': [ '4.3.3' ],
37 silly audit   selfsigned: [ '2.4.1' ],
37 silly audit   send: [ '0.19.2' ],
37 silly audit   'serialize-error': [ '2.1.0' ],
37 silly audit   'serve-static': [ '1.16.3' ],
37 silly audit   'server-only': [ '0.0.1' ],
37 silly audit   setimmediate: [ '1.0.5' ],
37 silly audit   setprototypeof: [ '1.2.0' ],
37 silly audit   'sf-symbols-typescript': [ '2.2.0' ],
37 silly audit   'shallow-clone': [ '3.0.1' ],
37 silly audit   shallowequal: [ '1.1.0' ],
37 silly audit   'shell-quote': [ '1.8.3' ],
37 silly audit   'simple-plist': [ '1.3.1' ],
37 silly audit   'simple-swizzle': [ '0.2.4' ],
37 silly audit   sisteransi: [ '1.0.5' ],
37 silly audit   slash: [ '3.0.0' ],
37 silly audit   slugify: [ '1.6.6' ],
37 silly audit   'source-map-js': [ '1.2.1' ],
37 silly audit   'source-map-support': [ '0.5.21' ],
37 silly audit   'split-on-first': [ '1.1.0' ],
37 silly audit   'sprintf-js': [ '1.0.3' ],
37 silly audit   ssri: [ '10.0.6' ],
37 silly audit   'stack-utils': [ '2.0.6' ],
37 silly audit   stackframe: [ '1.3.4' ],
37 silly audit   'stacktrace-parser': [ '0.1.11' ],
37 silly audit   'stream-buffers': [ '2.2.0' ],
37 silly audit   'strict-uri-encode': [ '2.0.0' ],
37 silly audit   'strip-eof': [ '1.0.0' ],
37 silly audit   'strip-final-newline': [ '2.0.0' ],
37 silly audit   'strip-json-comments': [ '2.0.1' ],
37 silly audit   'structured-headers': [ '0.4.1' ],
37 silly audit   styleq: [ '0.1.3' ],
37 silly audit   sucrase: [ '3.35.0' ],
37 silly audit   'supports-hyperlinks': [ '2.3.0' ],
37 silly audit   'supports-preserve-symlinks-flag': [ '1.0.0' ],
37 silly audit   tar: [ '6.2.1' ],
37 silly audit   temp: [ '0.8.4' ],
37 silly audit   'temp-dir': [ '2.0.0' ],
37 silly audit   tempy: [ '0.7.1' ],
37 silly audit   'terminal-link': [ '2.1.1' ],
37 silly audit   terser: [ '5.46.0' ],
37 silly audit   'test-exclude': [ '6.0.0' ],
37 silly audit   thenify: [ '3.3.1' ],
37 silly audit   'thenify-all': [ '1.6.0' ],
37 silly audit   throat: [ '5.0.0' ],
37 silly audit   tmpl: [ '1.0.5' ],
37 silly audit   'to-regex-range': [ '5.0.1' ],
37 silly audit   toidentifier: [ '1.0.1' ],
37 silly audit   tr46: [ '0.0.3' ],
37 silly audit   'ts-interface-checker': [ '0.1.13' ],
37 silly audit   'ts-object-utils': [ '0.0.5' ],
37 silly audit   tslib: [ '2.6.3' ],
37 silly audit   'type-detect': [ '4.0.8' ],
37 silly audit   typescript: [ '5.3.3' ],
37 silly audit   'ua-parser-js': [ '1.0.41' ],
37 silly audit   undici: [ '6.23.0' ],
37 silly audit   'undici-types': [ '7.16.0' ],
37 silly audit   'unicode-canonical-property-names-ecmascript': [ '2.0.1' ],
37 silly audit   'unicode-match-property-ecmascript': [ '2.0.0' ],
37 silly audit   'unicode-match-property-value-ecmascript': [ '2.2.1' ],
37 silly audit   'unicode-property-aliases-ecmascript': [ '2.2.0' ],
37 silly audit   'unique-filename': [ '3.0.0' ],
37 silly audit   'unique-slug': [ '4.0.0' ],
37 silly audit   'unique-string': [ '2.0.0' ],
37 silly audit   unpipe: [ '1.0.0' ],
37 silly audit   'update-browserslist-db': [ '1.2.3' ],
37 silly audit   'uri-js': [ '4.4.1' ],
37 silly audit   'use-latest-callback': [ '0.2.6' ],
37 silly audit   'use-sync-external-store': [ '1.6.0' ],
37 silly audit   'utils-merge': [ '1.0.1' ],
37 silly audit   uuid: [ '8.3.2', '7.0.3' ],
37 silly audit   'validate-npm-package-name': [ '5.0.1' ],
37 silly audit   vary: [ '1.1.2' ],
37 silly audit   vlq: [ '1.0.1' ],
37 silly audit   walker: [ '1.0.8' ],
37 silly audit   'warn-once': [ '0.1.1' ],
37 silly audit   wcwidth: [ '1.0.1' ],
37 silly audit   'web-streams-polyfill': [ '3.3.3' ],
37 silly audit   'webidl-conversions': [ '3.0.1', '5.0.0' ],
37 silly audit   'whatwg-fetch': [ '3.6.20' ],
37 silly audit   'whatwg-url': [ '5.0.0' ],
37 silly audit   'whatwg-url-without-unicode': [ '8.0.0-3' ],
37 silly audit   wonka: [ '6.3.5' ],
37 silly audit   wrappy: [ '1.0.2' ],
37 silly audit   xcode: [ '3.0.1' ],
37 silly audit   xml2js: [ '0.6.0' ],
37 silly audit   y18n: [ '5.0.8' ],
37 silly audit   yargs: [ '17.7.2' ],
37 silly audit   'yargs-parser': [ '21.1.1' ],
37 silly audit   'yocto-queue': [ '0.1.0' ],
37 silly audit   zustand: [ '4.5.7' ],
37 silly audit   'react-native-pager-view': [ '8.0.0' ],
37 silly audit   'react-native-tab-view': [ '4.2.2' ]
37 silly audit }
38 verbose reify failed optional dependency /Users/rahulnehra/antigravity/mobile test app new/node_modules/lightningcss-win32-x64-msvc
39 silly reify mark deleted [
39 silly reify   '/Users/rahulnehra/antigravity/mobile test app new/node_modules/lightningcss-win32-x64-msvc'
39 silly reify ]
40 verbose reify failed optional dependency /Users/rahulnehra/antigravity/mobile test app new/node_modules/lightningcss-win32-arm64-msvc
41 silly reify mark deleted [
41 silly reify   '/Users/rahulnehra/antigravity/mobile test app new/node_modules/lightningcss-win32-arm64-msvc'
41 silly reify ]
42 verbose reify failed optional dependency /Users/rahulnehra/antigravity/mobile test app new/node_modules/lightningcss-linux-x64-musl
43 silly reify mark deleted [
43 silly reify   '/Users/rahulnehra/antigravity/mobile test app new/node_modules/lightningcss-linux-x64-musl'
43 silly reify ]
44 verbose reify failed optional dependency /Users/rahulnehra/antigravity/mobile test app new/node_modules/lightningcss-linux-x64-gnu
45 silly reify mark deleted [
45 silly reify   '/Users/rahulnehra/antigravity/mobile test app new/node_modules/lightningcss-linux-x64-gnu'
45 silly reify ]
46 verbose reify failed optional dependency /Users/rahulnehra/antigravity/mobile test app new/node_modules/lightningcss-linux-arm64-musl
47 silly reify mark deleted [
47 silly reify   '/Users/rahulnehra/antigravity/mobile test app new/node_modules/lightningcss-linux-arm64-musl'
47 silly reify ]
48 verbose reify failed optional dependency /Users/rahulnehra/antigravity/mobile test app new/node_modules/lightningcss-linux-arm64-gnu
49 silly reify mark deleted [
49 silly reify   '/Users/rahulnehra/antigravity/mobile test app new/node_modules/lightningcss-linux-arm64-gnu'
49 silly reify ]
50 verbose reify failed optional dependency /Users/rahulnehra/antigravity/mobile test app new/node_modules/lightningcss-linux-arm-gnueabihf
51 silly reify mark deleted [
51 silly reify   '/Users/rahulnehra/antigravity/mobile test app new/node_modules/lightningcss-linux-arm-gnueabihf'
51 silly reify ]
52 verbose reify failed optional dependency /Users/rahulnehra/antigravity/mobile test app new/node_modules/lightningcss-freebsd-x64
53 silly reify mark deleted [
53 silly reify   '/Users/rahulnehra/antigravity/mobile test app new/node_modules/lightningcss-freebsd-x64'
53 silly reify ]
54 verbose reify failed optional dependency /Users/rahulnehra/antigravity/mobile test app new/node_modules/lightningcss-darwin-x64
55 silly reify mark deleted [
55 silly reify   '/Users/rahulnehra/antigravity/mobile test app new/node_modules/lightningcss-darwin-x64'
55 silly reify ]
56 http cache react-native-pager-view@https://registry.npmjs.org/react-native-pager-view/-/react-native-pager-view-8.0.0.tgz 0ms (cache hit)
57 http cache react-native-tab-view@https://registry.npmjs.org/react-native-tab-view/-/react-native-tab-view-4.2.2.tgz 0ms (cache hit)
58 http cache fsevents@https://registry.npmjs.org/fsevents/-/fsevents-2.3.3.tgz 0ms (cache hit)
59 silly tarball no local data for react-native-pager-view@https://registry.npmjs.org/react-native-pager-view/-/react-native-pager-view-8.0.0.tgz. Extracting by manifest.
60 silly tarball no local data for react-native-tab-view@https://registry.npmjs.org/react-native-tab-view/-/react-native-tab-view-4.2.2.tgz. Extracting by manifest.
61 http fetch GET 200 https://registry.npmjs.org/react-native-pager-view/-/react-native-pager-view-8.0.0.tgz 337ms (cache miss)
62 http fetch GET 200 https://registry.npmjs.org/react-native-tab-view/-/react-native-tab-view-4.2.2.tgz 421ms (cache miss)
63 http fetch POST 200 https://registry.npmjs.org/-/npm/v1/security/advisories/bulk 517ms
64 silly audit report {
64 silly audit report   tar: [
64 silly audit report     {
64 silly audit report       id: 1112255,
64 silly audit report       url: 'https://github.com/advisories/GHSA-8qq5-rm4j-mr97',
64 silly audit report       title: 'node-tar is Vulnerable to Arbitrary File Overwrite and Symlink Poisoning via Insufficient Path Sanitization',
64 silly audit report       severity: 'high',
64 silly audit report       vulnerable_versions: '<=7.5.2',
64 silly audit report       cwe: [Array],
64 silly audit report       cvss: [Object]
64 silly audit report     },
64 silly audit report     {
64 silly audit report       id: 1112329,
64 silly audit report       url: 'https://github.com/advisories/GHSA-r6q2-hw4h-h46w',
64 silly audit report       title: 'Race Condition in node-tar Path Reservations via Unicode Ligature Collisions on macOS APFS',
64 silly audit report       severity: 'high',
64 silly audit report       vulnerable_versions: '<=7.5.3',
64 silly audit report       cwe: [Array],
64 silly audit report       cvss: [Object]
64 silly audit report     },
64 silly audit report     {
64 silly audit report       id: 1112659,
64 silly audit report       url: 'https://github.com/advisories/GHSA-34x7-hfp2-rc4v',
64 silly audit report       title: 'node-tar Vulnerable to Arbitrary File Creation/Overwrite via Hardlink Path Traversal',
64 silly audit report       severity: 'high',
64 silly audit report       vulnerable_versions: '<7.5.7',
64 silly audit report       cwe: [Array],
64 silly audit report       cvss: [Object]
64 silly audit report     }
64 silly audit report   ]
64 silly audit report }
65 silly packumentCache corgi:https://registry.npmjs.org/tar cache-miss
66 http fetch GET 200 https://registry.npmjs.org/tar 181ms (cache revalidated)
67 silly packumentCache corgi:https://registry.npmjs.org/tar set size:193467 disposed:false
68 silly packumentCache corgi:https://registry.npmjs.org/@expo%2fcli cache-miss
69 silly packumentCache corgi:https://registry.npmjs.org/cacache cache-miss
70 http fetch GET 200 https://registry.npmjs.org/cacache 147ms (cache revalidated)
71 silly packumentCache corgi:https://registry.npmjs.org/cacache set size:155668 disposed:false
72 http fetch GET 200 https://registry.npmjs.org/@expo%2fcli 3409ms (cache revalidated)
73 silly packumentCache corgi:https://registry.npmjs.org/@expo%2fcli set size:1374600 disposed:false
74 silly packumentCache corgi:https://registry.npmjs.org/expo cache-miss
75 http fetch GET 200 https://registry.npmjs.org/expo 432ms (cache revalidated)
76 silly packumentCache corgi:https://registry.npmjs.org/expo set size:1596421 disposed:false
77 silly packumentCache corgi:https://registry.npmjs.org/expo-asset cache-miss
78 silly packumentCache corgi:https://registry.npmjs.org/expo-blur cache-miss
79 silly packumentCache corgi:https://registry.npmjs.org/expo-constants cache-miss
80 silly packumentCache corgi:https://registry.npmjs.org/expo-crypto cache-miss
81 silly packumentCache corgi:https://registry.npmjs.org/expo-dev-client cache-miss
82 silly packumentCache corgi:https://registry.npmjs.org/expo-dev-launcher cache-miss
83 silly packumentCache corgi:https://registry.npmjs.org/expo-dev-menu cache-miss
84 silly packumentCache corgi:https://registry.npmjs.org/expo-dev-menu-interface cache-miss
85 silly packumentCache corgi:https://registry.npmjs.org/expo-file-system cache-miss
86 silly packumentCache corgi:https://registry.npmjs.org/expo-font cache-miss
87 silly packumentCache corgi:https://registry.npmjs.org/expo-haptics cache-miss
88 silly packumentCache corgi:https://registry.npmjs.org/expo-keep-awake cache-miss
89 silly packumentCache corgi:https://registry.npmjs.org/expo-linear-gradient cache-miss
90 silly packumentCache corgi:https://registry.npmjs.org/expo-manifests cache-miss
91 silly packumentCache corgi:https://registry.npmjs.org/expo-router cache-miss
92 silly packumentCache corgi:https://registry.npmjs.org/expo-secure-store cache-miss
93 silly packumentCache corgi:https://registry.npmjs.org/expo-system-ui cache-miss
94 silly packumentCache corgi:https://registry.npmjs.org/expo-updates-interface cache-miss
95 http fetch GET 200 https://registry.npmjs.org/expo-crypto 907ms (cache revalidated)
96 silly packumentCache corgi:https://registry.npmjs.org/expo-crypto set size:151692 disposed:false
97 http fetch GET 200 https://registry.npmjs.org/expo-constants 910ms (cache revalidated)
98 silly packumentCache corgi:https://registry.npmjs.org/expo-constants set size:242428 disposed:false
99 http fetch GET 200 https://registry.npmjs.org/expo-linear-gradient 915ms (cache revalidated)
100 silly packumentCache corgi:https://registry.npmjs.org/expo-linear-gradient set size:187540 disposed:false
101 http fetch GET 200 https://registry.npmjs.org/expo-asset 1143ms (cache revalidated)
102 silly packumentCache corgi:https://registry.npmjs.org/expo-asset set size:252630 disposed:false
103 http fetch GET 200 https://registry.npmjs.org/expo-dev-menu 1145ms (cache revalidated)
104 silly packumentCache corgi:https://registry.npmjs.org/expo-dev-menu set size:383512 disposed:false
105 http fetch GET 200 https://registry.npmjs.org/expo-file-system 1149ms (cache revalidated)
106 silly packumentCache corgi:https://registry.npmjs.org/expo-file-system set size:249495 disposed:false
107 http fetch GET 200 https://registry.npmjs.org/expo-router 1151ms (cache revalidated)
108 silly packumentCache corgi:https://registry.npmjs.org/expo-router set size:735385 disposed:false
109 http fetch GET 200 https://registry.npmjs.org/expo-dev-client 1160ms (cache revalidated)
110 silly packumentCache corgi:https://registry.npmjs.org/expo-dev-client set size:319055 disposed:false
111 http fetch GET 200 https://registry.npmjs.org/expo-dev-menu-interface 1166ms (cache revalidated)
112 silly packumentCache corgi:https://registry.npmjs.org/expo-dev-menu-interface set size:128010 disposed:false
113 http fetch GET 200 https://registry.npmjs.org/expo-manifests 1317ms (cache revalidated)
114 silly packumentCache corgi:https://registry.npmjs.org/expo-manifests set size:147898 disposed:false
115 http fetch GET 200 https://registry.npmjs.org/expo-secure-store 1733ms (cache revalidated)
116 silly packumentCache corgi:https://registry.npmjs.org/expo-secure-store set size:150398 disposed:false
117 http fetch GET 200 https://registry.npmjs.org/expo-haptics 1775ms (cache revalidated)
118 silly packumentCache corgi:https://registry.npmjs.org/expo-haptics set size:147208 disposed:false
119 http fetch GET 200 https://registry.npmjs.org/expo-keep-awake 1776ms (cache revalidated)
120 silly packumentCache corgi:https://registry.npmjs.org/expo-keep-awake set size:160777 disposed:false
121 http fetch GET 200 https://registry.npmjs.org/expo-blur 1781ms (cache revalidated)
122 silly packumentCache corgi:https://registry.npmjs.org/expo-blur set size:173193 disposed:false
123 http fetch GET 200 https://registry.npmjs.org/expo-system-ui 1795ms (cache revalidated)
124 silly packumentCache corgi:https://registry.npmjs.org/expo-system-ui set size:159760 disposed:false
125 http fetch GET 200 https://registry.npmjs.org/expo-font 1799ms (cache revalidated)
126 silly packumentCache corgi:https://registry.npmjs.org/expo-font set size:206483 disposed:false
127 http fetch GET 200 https://registry.npmjs.org/expo-updates-interface 1968ms (cache revalidated)
128 silly packumentCache corgi:https://registry.npmjs.org/expo-updates-interface set size:116410 disposed:false
129 http fetch GET 200 https://registry.npmjs.org/expo-dev-launcher 2005ms (cache revalidated)
130 silly packumentCache corgi:https://registry.npmjs.org/expo-dev-launcher set size:426718 disposed:false
131 silly ADD node_modules/react-native-tab-view
132 silly ADD node_modules/react-native-pager-view
133 silly ADD
134 silly ADD
135 silly ADD
136 silly ADD
137 silly ADD
138 silly ADD
139 silly ADD
140 silly ADD
141 silly ADD
142 silly ADD node_modules/fsevents
143 verbose cwd /Users/rahulnehra/antigravity/mobile test app new
144 verbose os Darwin 24.6.0
145 verbose node v22.19.0
146 verbose npm  v10.9.3
147 verbose exit 0
148 info ok
